<?xml version="1.0" encoding="UTF-8"?>
<testng-results ignored="0" total="1" passed="1" failed="0" skipped="0">
  <reporter-output>
  </reporter-output>
  <suite started-at="2023-03-09T09:11:02 IST" name="Default suite" finished-at="2023-03-09T09:12:38 IST" duration-ms="96069">
    <groups>
    </groups>
    <test started-at="2023-03-09T09:11:02 IST" name="Default test" finished-at="2023-03-09T09:12:38 IST" duration-ms="96069">
      <class name="testBookMovieTicket.Test_Book_Movie_Ticket">
        <test-method is-config="true" signature="setUp()[pri:0, instance:testBookMovieTicket.Test_Book_Movie_Ticket@18078bef]" started-at="2023-03-09T09:11:02 IST" name="setUp" finished-at="2023-03-09T09:11:38 IST" duration-ms="36012" status="PASS">
          <reporter-output>
          </reporter-output>
        </test-method> <!-- setUp -->
        <test-method signature="testBooking()[pri:0, instance:testBookMovieTicket.Test_Book_Movie_Ticket@18078bef]" started-at="2023-03-09T09:11:38 IST" name="testBooking" finished-at="2023-03-09T09:12:33 IST" duration-ms="55624" status="PASS">
          <reporter-output>
          </reporter-output>
        </test-method> <!-- testBooking -->
        <test-method is-config="true" signature="tearDown()[pri:0, instance:testBookMovieTicket.Test_Book_Movie_Ticket@18078bef]" started-at="2023-03-09T09:12:33 IST" name="tearDown" finished-at="2023-03-09T09:12:38 IST" duration-ms="4325" status="PASS">
          <reporter-output>
          </reporter-output>
        </test-method> <!-- tearDown -->
      </class> <!-- testBookMovieTicket.Test_Book_Movie_Ticket -->
    </test> <!-- Default test -->
  </suite> <!-- Default suite -->
</testng-results>
